<?xml version="1.0" encoding="UTF-8"?>
<!-- Generated by org.testng.reporters.JUnitReportReporter -->
<testsuite hostname="LAPTOP-00TCO18I" failures="0" tests="9" name="com.amazon.qa.tests.SignInPageTest" time="64.092" errors="0" timestamp="2025-06-19T23:13:50 IST" skipped="3">
  <testcase classname="com.amazon.qa.tests.SignInPageTest" name="SignInwith_InValidCredentials" time="6.574"/>
  <testcase classname="com.amazon.qa.tests.SignInPageTest" name="SignInwith_InValidCredentials" time="7.307"/>
  <testcase classname="com.amazon.qa.tests.SignInPageTest" name="SignInwith_InValidCredentials" time="6.866"/>
  <testcase classname="com.amazon.qa.tests.SignInPageTest" name="SignInwith_InValidCredentials" time="6.448"/>
  <testcase classname="com.amazon.qa.tests.SignInPageTest" name="SignInwith_InValidCredentials" time="7.140">
    <skipped/>
  </testcase> <!-- SignInwith_InValidCredentials -->
  <testcase classname="com.amazon.qa.tests.SignInPageTest" name="SignInwith_InValidCredentials" time="7.247">
    <skipped/>
  </testcase> <!-- SignInwith_InValidCredentials -->
  <testcase classname="com.amazon.qa.tests.SignInPageTest" name="SignInwith_InValidCredentials" time="8.062"/>
  <testcase classname="com.amazon.qa.tests.SignInPageTest" name="SignInwith_InValidCredentials" time="7.370">
    <skipped/>
  </testcase> <!-- SignInwith_InValidCredentials -->
  <testcase classname="com.amazon.qa.tests.SignInPageTest" name="SignInwith_ValidCredentials" time="7.078"/>
</testsuite> <!-- com.amazon.qa.tests.SignInPageTest -->
