<?xml version="1.0" encoding="UTF-8"?>
<!-- Generated by org.testng.reporters.JUnitReportReporter -->
<testsuite hostname="LAPTOP-00TCO18I" failures="0" tests="5" name="com.amazon.qa.tests.SignInPageTest" time="92.838" errors="0" timestamp="2025-07-05T12:29:04 IST" skipped="0">
  <testcase classname="com.amazon.qa.tests.SignInPageTest" name="SignInwith_InValidCredentials2" time="7.636"/>
  <testcase classname="com.amazon.qa.tests.SignInPageTest" name="SignInwith_InValidCredentials2" time="22.115"/>
  <testcase classname="com.amazon.qa.tests.SignInPageTest" name="SignInwith_InValidCredentials2" time="19.810"/>
  <testcase classname="com.amazon.qa.tests.SignInPageTest" name="SignInwith_InValidCredentials2" time="23.082"/>
  <testcase classname="com.amazon.qa.tests.SignInPageTest" name="SignInwith_InValidCredentials2" time="20.195"/>
</testsuite> <!-- com.amazon.qa.tests.SignInPageTest -->
