<?xml version="1.0" encoding="UTF-8"?>
<!-- Generated by org.testng.reporters.JUnitReportReporter -->
<testsuite hostname="LAPTOP-00TCO18I" failures="0" tests="3" name="com.amazon.qa.tests.SignInPageTest" time="33.172" errors="0" timestamp="2025-05-29T01:39:55 IST" skipped="0">
  <testcase classname="com.amazon.qa.tests.SignInPageTest" name="LogTestwith_InValidCredentials" time="11.500"/>
  <testcase classname="com.amazon.qa.tests.SignInPageTest" name="LogTestwith_InValidCredentials" time="8.788"/>
  <testcase classname="com.amazon.qa.tests.SignInPageTest" name="LogTestwith_InValidCredentials" time="12.884"/>
</testsuite> <!-- com.amazon.qa.tests.SignInPageTest -->
