<?xml version="1.0" encoding="UTF-8"?>
<!-- Generated by org.testng.reporters.JUnitReportReporter -->
<testsuite hostname="LAPTOP-00TCO18I" failures="0" tests="1" name="com.amazon.qa.tests.HomePageTest" time="24.013" errors="0" timestamp="2025-07-05T12:16:44 IST" skipped="0">
  <testcase classname="com.amazon.qa.tests.HomePageTest" name="test2" time="24.013"/>
</testsuite> <!-- com.amazon.qa.tests.HomePageTest -->
