<?xml version="1.0" encoding="UTF-8"?>
<!-- Generated by org.testng.reporters.JUnitReportReporter -->
<testsuite hostname="LAPTOP-00TCO18I" failures="0" tests="2" name="com.amazon.qa.tests.HomePageTest" time="52.945" errors="0" timestamp="2025-06-15T23:48:18 IST" skipped="0">
  <testcase classname="com.amazon.qa.tests.HomePageTest" name="test2" time="32.643"/>
  <testcase classname="com.amazon.qa.tests.HomePageTest" name="CaptureFielsInDigitalContent" time="20.302"/>
</testsuite> <!-- com.amazon.qa.tests.HomePageTest -->
