<?xml version="1.0" encoding="UTF-8"?>
<!-- Generated by org.testng.reporters.JUnitReportReporter -->
<testsuite hostname="LAPTOP-00TCO18I" failures="0" tests="2" name="com.amazon.qa.tests.HomePageTest" time="29.652" errors="0" timestamp="2025-06-19T23:16:03 IST" skipped="0">
  <testcase classname="com.amazon.qa.tests.HomePageTest" name="test2" time="20.832"/>
  <testcase classname="com.amazon.qa.tests.HomePageTest" name="CaptureFielsInDigitalContent" time="8.820"/>
</testsuite> <!-- com.amazon.qa.tests.HomePageTest -->
