<?xml version="1.0" encoding="UTF-8"?>
<!-- Generated by org.testng.reporters.JUnitReportReporter -->
<testsuite hostname="LAPTOP-00TCO18I" failures="0" tests="7" name="com.amazon.qa.tests.SignInPageTest" time="69.300" errors="0" timestamp="2025-06-15T23:48:18 IST" skipped="1">
  <testcase classname="com.amazon.qa.tests.SignInPageTest" name="SignInwith_InValidCredentials" time="7.355"/>
  <testcase classname="com.amazon.qa.tests.SignInPageTest" name="SignInwith_InValidCredentials" time="9.170"/>
  <testcase classname="com.amazon.qa.tests.SignInPageTest" name="SignInwith_InValidCredentials" time="12.874"/>
  <testcase classname="com.amazon.qa.tests.SignInPageTest" name="SignInwith_InValidCredentials" time="8.710">
    <skipped/>
  </testcase> <!-- SignInwith_InValidCredentials -->
  <testcase classname="com.amazon.qa.tests.SignInPageTest" name="SignInwith_InValidCredentials" time="9.043"/>
  <testcase classname="com.amazon.qa.tests.SignInPageTest" name="SignInwith_InValidCredentials" time="9.979"/>
  <testcase classname="com.amazon.qa.tests.SignInPageTest" name="SignInwith_ValidCredentials" time="12.169"/>
</testsuite> <!-- com.amazon.qa.tests.SignInPageTest -->
