<?xml version="1.0" encoding="UTF-8"?>
<!-- Generated by org.testng.reporters.JUnitReportReporter -->
<testsuite hostname="LAPTOP-00TCO18I" failures="0" tests="2" name="com.amazon.qa.tests.HomePageTest" time="41.328" errors="0" timestamp="2025-07-05T17:06:28 IST" skipped="0">
  <testcase classname="com.amazon.qa.tests.HomePageTest" name="CaptureFielsInDigitalContent" time="10.088"/>
  <testcase classname="com.amazon.qa.tests.HomePageTest" name="test2" time="31.240"/>
</testsuite> <!-- com.amazon.qa.tests.HomePageTest -->
